<?xml version="1.0" encoding="UTF-8"?>
<testng-results ignored="0" total="1" passed="1" failed="0" skipped="0">
  <reporter-output>
  </reporter-output>
  <suite started-at="2023-06-01T19:43:02 IST" name="Default suite" finished-at="2023-06-01T19:43:02 IST" duration-ms="57">
    <groups>
    </groups>
    <test started-at="2023-06-01T19:43:02 IST" name="Default test" finished-at="2023-06-01T19:43:02 IST" duration-ms="57">
      <class name="sampleDemoTest">
        <test-method signature="test001()[pri:0, instance:sampleDemoTest@1817d444]" started-at="2023-06-01T19:43:02 IST" name="test001" finished-at="2023-06-01T19:43:02 IST" duration-ms="14" status="PASS">
          <reporter-output>
          </reporter-output>
        </test-method> <!-- test001 -->
      </class> <!-- sampleDemoTest -->
    </test> <!-- Default test -->
  </suite> <!-- Default suite -->
</testng-results>
