<?xml version="1.0" encoding="UTF-8"?>
<testng-results ignored="0" total="1" passed="1" failed="0" skipped="0">
  <reporter-output>
  </reporter-output>
  <suite started-at="2023-06-01T19:13:53 IST" name="Default suite" finished-at="2023-06-01T19:13:58 IST" duration-ms="4778">
    <groups>
    </groups>
    <test started-at="2023-06-01T19:13:53 IST" name="Default test" finished-at="2023-06-01T19:13:58 IST" duration-ms="4778">
      <class name="sampleTestProjectJenkins.TEST.TESTCLass1">
        <test-method signature="test1()[pri:0, instance:sampleTestProjectJenkins.TEST.TESTCLass1@48ae9b55]" started-at="2023-06-01T19:13:53 IST" name="test1" finished-at="2023-06-01T19:13:58 IST" duration-ms="4731" status="PASS">
          <reporter-output>
          </reporter-output>
        </test-method> <!-- test1 -->
      </class> <!-- sampleTestProjectJenkins.TEST.TESTCLass1 -->
    </test> <!-- Default test -->
  </suite> <!-- Default suite -->
</testng-results>
